Running: /opt/Xilinx/14.7/ISE_DS/ISE/bin/lin64/unwrapped/fuse -intstyle ise -incremental -lib unisims_ver -lib unimacro_ver -lib xilinxcorelib_ver -lib secureip -o /home/student/Desktop/EE201/ee201_final_project/gameplay_sm_tb3_isim_beh.exe -prj /home/student/Desktop/EE201/ee201_final_project/gameplay_sm_tb3_beh.prj work.gameplay_sm_tb3 work.glbl 
ISim P.20131013 (signature 0xfbc00daa)
Number of CPUs detected in this system: 2
Turning on mult-threading, number of parallel sub-compilation jobs: 4 
Determining compilation order of HDL files
Analyzing Verilog file "/home/student/Desktop/EE201/ee201_final_project/lsfr_8bit_rand_num_gen.v" into library work
Analyzing Verilog file "/home/student/Desktop/EE201/ee201_final_project/gameplay_sm.v" into library work
Analyzing Verilog file "/home/student/Desktop/EE201/ee201_final_project/gameplay_sm_tb3.v" into library work
Analyzing Verilog file "/opt/Xilinx/14.7/ISE_DS/ISE//verilog/src/glbl.v" into library work
Starting static elaboration
Completed static elaboration
Fuse Memory Usage: 95668 KB
Fuse CPU Usage: 3630 ms
Compiling module lsfr_8bit_rand_num_gen
Compiling module gameplay_sm
Compiling module gameplay_sm_tb3
Compiling module glbl
Time Resolution for simulation is 1ps.
Waiting for 1 sub-compilation(s) to finish...
Compiled 4 Verilog Units
Built simulation executable /home/student/Desktop/EE201/ee201_final_project/gameplay_sm_tb3_isim_beh.exe
Fuse Memory Usage: 393952 KB
Fuse CPU Usage: 3730 ms
GCC CPU Usage: 1900 ms
