--------------------------------------------------------------------------------
Release 14.7 Trace  (lin64)
Copyright (c) 1995-2013 Xilinx, Inc.  All rights reserved.

/opt/Xilinx/14.7/ISE_DS/ISE/bin/lin64/unwrapped/trce -intstyle ise -v 3 -s 3 -n
3 -fastpaths -xml vga_demo.twx vga_demo.ncd -o vga_demo.twr vga_demo.pcf -ucf
nexys3.ucf

Design file:              vga_demo.ncd
Physical constraint file: vga_demo.pcf
Device,package,speed:     xc6slx16,csg324,C,-3 (PRODUCTION 1.23 2013-10-13)
Report level:             verbose report

Environment Variable      Effect 
--------------------      ------ 
NONE                      No environment variables were set
--------------------------------------------------------------------------------

INFO:Timing:3412 - To improve timing, see the Timing Closure User Guide (UG612).
INFO:Timing:2752 - To get complete path coverage, use the unconstrained paths 
   option. All paths that are not constrained will be reported in the 
   unconstrained paths section(s) of the report.
INFO:Timing:3339 - The clock-to-out numbers in this timing report are based on 
   a 50 Ohm transmission line loading model.  For the details of this model, 
   and for more information on accounting for different loading conditions, 
   please see the device datasheet.

================================================================================
Timing constraint: TS_sys_clk_pin = PERIOD TIMEGRP "sys_clk_pin" 100 MHz HIGH 
50%;
For more information, see Period Analysis in the Timing Closure User Guide (UG612).

 210 paths analyzed, 66 endpoints analyzed, 0 failing endpoints
 0 timing errors detected. (0 setup errors, 0 hold errors, 0 component switching limit errors)
 Minimum period is   1.757ns.
--------------------------------------------------------------------------------

Paths for end point DIV_CLK_18 (SLICE_X28Y29.CIN), 16 paths
--------------------------------------------------------------------------------
Slack (setup path):     8.243ns (requirement - (data path - clock path skew + uncertainty))
  Source:               DIV_CLK_0 (FF)
  Destination:          DIV_CLK_18 (FF)
  Requirement:          10.000ns
  Data Path Delay:      1.721ns (Levels of Logic = 5)
  Clock Path Skew:      -0.001ns (0.153 - 0.154)
  Source Clock:         board_clk rising at 0.000ns
  Destination Clock:    board_clk rising at 10.000ns
  Clock Uncertainty:    0.035ns

  Clock Uncertainty:          0.035ns  ((TSJ^2 + TIJ^2)^1/2 + DJ) / 2 + PE
    Total System Jitter (TSJ):  0.070ns
    Total Input Jitter (TIJ):   0.000ns
    Discrete Jitter (DJ):       0.000ns
    Phase Error (PE):           0.000ns

  Maximum Data Path at Slow Process Corner: DIV_CLK_0 to DIV_CLK_18
    Location             Delay type         Delay(ns)  Physical Resource
                                                       Logical Resource(s)
    -------------------------------------------------  -------------------
    SLICE_X28Y25.AQ      Tcko                  0.408   DIV_CLK<3>
                                                       DIV_CLK_0
    SLICE_X28Y25.A5      net (fanout=1)        0.337   DIV_CLK<0>
    SLICE_X28Y25.COUT    Topcya                0.395   DIV_CLK<3>
                                                       Mcount_DIV_CLK_lut<0>_INV_0
                                                       Mcount_DIV_CLK_cy<3>
    SLICE_X28Y26.CIN     net (fanout=1)        0.003   Mcount_DIV_CLK_cy<3>
    SLICE_X28Y26.COUT    Tbyp                  0.076   DIV_CLK<7>
                                                       Mcount_DIV_CLK_cy<7>
    SLICE_X28Y27.CIN     net (fanout=1)        0.003   Mcount_DIV_CLK_cy<7>
    SLICE_X28Y27.COUT    Tbyp                  0.076   DIV_CLK<11>
                                                       Mcount_DIV_CLK_cy<11>
    SLICE_X28Y28.CIN     net (fanout=1)        0.003   Mcount_DIV_CLK_cy<11>
    SLICE_X28Y28.COUT    Tbyp                  0.076   DIV_CLK<15>
                                                       Mcount_DIV_CLK_cy<15>
    SLICE_X28Y29.CIN     net (fanout=1)        0.003   Mcount_DIV_CLK_cy<15>
    SLICE_X28Y29.CLK     Tcinck                0.341   DIV_CLK<19>
                                                       Mcount_DIV_CLK_xor<19>
                                                       DIV_CLK_18
    -------------------------------------------------  ---------------------------
    Total                                      1.721ns (1.372ns logic, 0.349ns route)
                                                       (79.7% logic, 20.3% route)

--------------------------------------------------------------------------------
Slack (setup path):     8.320ns (requirement - (data path - clock path skew + uncertainty))
  Source:               DIV_CLK_4 (FF)
  Destination:          DIV_CLK_18 (FF)
  Requirement:          10.000ns
  Data Path Delay:      1.642ns (Levels of Logic = 4)
  Clock Path Skew:      -0.003ns (0.153 - 0.156)
  Source Clock:         board_clk rising at 0.000ns
  Destination Clock:    board_clk rising at 10.000ns
  Clock Uncertainty:    0.035ns

  Clock Uncertainty:          0.035ns  ((TSJ^2 + TIJ^2)^1/2 + DJ) / 2 + PE
    Total System Jitter (TSJ):  0.070ns
    Total Input Jitter (TIJ):   0.000ns
    Discrete Jitter (DJ):       0.000ns
    Phase Error (PE):           0.000ns

  Maximum Data Path at Slow Process Corner: DIV_CLK_4 to DIV_CLK_18
    Location             Delay type         Delay(ns)  Physical Resource
                                                       Logical Resource(s)
    -------------------------------------------------  -------------------
    SLICE_X28Y26.AQ      Tcko                  0.408   DIV_CLK<7>
                                                       DIV_CLK_4
    SLICE_X28Y26.A5      net (fanout=1)        0.337   DIV_CLK<4>
    SLICE_X28Y26.COUT    Topcya                0.395   DIV_CLK<7>
                                                       DIV_CLK<4>_rt
                                                       Mcount_DIV_CLK_cy<7>
    SLICE_X28Y27.CIN     net (fanout=1)        0.003   Mcount_DIV_CLK_cy<7>
    SLICE_X28Y27.COUT    Tbyp                  0.076   DIV_CLK<11>
                                                       Mcount_DIV_CLK_cy<11>
    SLICE_X28Y28.CIN     net (fanout=1)        0.003   Mcount_DIV_CLK_cy<11>
    SLICE_X28Y28.COUT    Tbyp                  0.076   DIV_CLK<15>
                                                       Mcount_DIV_CLK_cy<15>
    SLICE_X28Y29.CIN     net (fanout=1)        0.003   Mcount_DIV_CLK_cy<15>
    SLICE_X28Y29.CLK     Tcinck                0.341   DIV_CLK<19>
                                                       Mcount_DIV_CLK_xor<19>
                                                       DIV_CLK_18
    -------------------------------------------------  ---------------------------
    Total                                      1.642ns (1.296ns logic, 0.346ns route)
                                                       (78.9% logic, 21.1% route)

--------------------------------------------------------------------------------
Slack (setup path):     8.343ns (requirement - (data path - clock path skew + uncertainty))
  Source:               DIV_CLK_3 (FF)
  Destination:          DIV_CLK_18 (FF)
  Requirement:          10.000ns
  Data Path Delay:      1.621ns (Levels of Logic = 5)
  Clock Path Skew:      -0.001ns (0.153 - 0.154)
  Source Clock:         board_clk rising at 0.000ns
  Destination Clock:    board_clk rising at 10.000ns
  Clock Uncertainty:    0.035ns

  Clock Uncertainty:          0.035ns  ((TSJ^2 + TIJ^2)^1/2 + DJ) / 2 + PE
    Total System Jitter (TSJ):  0.070ns
    Total Input Jitter (TIJ):   0.000ns
    Discrete Jitter (DJ):       0.000ns
    Phase Error (PE):           0.000ns

  Maximum Data Path at Slow Process Corner: DIV_CLK_3 to DIV_CLK_18
    Location             Delay type         Delay(ns)  Physical Resource
                                                       Logical Resource(s)
    -------------------------------------------------  -------------------
    SLICE_X28Y25.DQ      Tcko                  0.408   DIV_CLK<3>
                                                       DIV_CLK_3
    SLICE_X28Y25.D5      net (fanout=1)        0.372   DIV_CLK<3>
    SLICE_X28Y25.COUT    Topcyd                0.260   DIV_CLK<3>
                                                       DIV_CLK<3>_rt
                                                       Mcount_DIV_CLK_cy<3>
    SLICE_X28Y26.CIN     net (fanout=1)        0.003   Mcount_DIV_CLK_cy<3>
    SLICE_X28Y26.COUT    Tbyp                  0.076   DIV_CLK<7>
                                                       Mcount_DIV_CLK_cy<7>
    SLICE_X28Y27.CIN     net (fanout=1)        0.003   Mcount_DIV_CLK_cy<7>
    SLICE_X28Y27.COUT    Tbyp                  0.076   DIV_CLK<11>
                                                       Mcount_DIV_CLK_cy<11>
    SLICE_X28Y28.CIN     net (fanout=1)        0.003   Mcount_DIV_CLK_cy<11>
    SLICE_X28Y28.COUT    Tbyp                  0.076   DIV_CLK<15>
                                                       Mcount_DIV_CLK_cy<15>
    SLICE_X28Y29.CIN     net (fanout=1)        0.003   Mcount_DIV_CLK_cy<15>
    SLICE_X28Y29.CLK     Tcinck                0.341   DIV_CLK<19>
                                                       Mcount_DIV_CLK_xor<19>
                                                       DIV_CLK_18
    -------------------------------------------------  ---------------------------
    Total                                      1.621ns (1.237ns logic, 0.384ns route)
                                                       (76.3% logic, 23.7% route)

--------------------------------------------------------------------------------

Paths for end point DIV_CLK_19 (SLICE_X28Y29.CIN), 16 paths
--------------------------------------------------------------------------------
Slack (setup path):     8.243ns (requirement - (data path - clock path skew + uncertainty))
  Source:               DIV_CLK_0 (FF)
  Destination:          DIV_CLK_19 (FF)
  Requirement:          10.000ns
  Data Path Delay:      1.721ns (Levels of Logic = 5)
  Clock Path Skew:      -0.001ns (0.153 - 0.154)
  Source Clock:         board_clk rising at 0.000ns
  Destination Clock:    board_clk rising at 10.000ns
  Clock Uncertainty:    0.035ns

  Clock Uncertainty:          0.035ns  ((TSJ^2 + TIJ^2)^1/2 + DJ) / 2 + PE
    Total System Jitter (TSJ):  0.070ns
    Total Input Jitter (TIJ):   0.000ns
    Discrete Jitter (DJ):       0.000ns
    Phase Error (PE):           0.000ns

  Maximum Data Path at Slow Process Corner: DIV_CLK_0 to DIV_CLK_19
    Location             Delay type         Delay(ns)  Physical Resource
                                                       Logical Resource(s)
    -------------------------------------------------  -------------------
    SLICE_X28Y25.AQ      Tcko                  0.408   DIV_CLK<3>
                                                       DIV_CLK_0
    SLICE_X28Y25.A5      net (fanout=1)        0.337   DIV_CLK<0>
    SLICE_X28Y25.COUT    Topcya                0.395   DIV_CLK<3>
                                                       Mcount_DIV_CLK_lut<0>_INV_0
                                                       Mcount_DIV_CLK_cy<3>
    SLICE_X28Y26.CIN     net (fanout=1)        0.003   Mcount_DIV_CLK_cy<3>
    SLICE_X28Y26.COUT    Tbyp                  0.076   DIV_CLK<7>
                                                       Mcount_DIV_CLK_cy<7>
    SLICE_X28Y27.CIN     net (fanout=1)        0.003   Mcount_DIV_CLK_cy<7>
    SLICE_X28Y27.COUT    Tbyp                  0.076   DIV_CLK<11>
                                                       Mcount_DIV_CLK_cy<11>
    SLICE_X28Y28.CIN     net (fanout=1)        0.003   Mcount_DIV_CLK_cy<11>
    SLICE_X28Y28.COUT    Tbyp                  0.076   DIV_CLK<15>
                                                       Mcount_DIV_CLK_cy<15>
    SLICE_X28Y29.CIN     net (fanout=1)        0.003   Mcount_DIV_CLK_cy<15>
    SLICE_X28Y29.CLK     Tcinck                0.341   DIV_CLK<19>
                                                       Mcount_DIV_CLK_xor<19>
                                                       DIV_CLK_19
    -------------------------------------------------  ---------------------------
    Total                                      1.721ns (1.372ns logic, 0.349ns route)
                                                       (79.7% logic, 20.3% route)

--------------------------------------------------------------------------------
Slack (setup path):     8.320ns (requirement - (data path - clock path skew + uncertainty))
  Source:               DIV_CLK_4 (FF)
  Destination:          DIV_CLK_19 (FF)
  Requirement:          10.000ns
  Data Path Delay:      1.642ns (Levels of Logic = 4)
  Clock Path Skew:      -0.003ns (0.153 - 0.156)
  Source Clock:         board_clk rising at 0.000ns
  Destination Clock:    board_clk rising at 10.000ns
  Clock Uncertainty:    0.035ns

  Clock Uncertainty:          0.035ns  ((TSJ^2 + TIJ^2)^1/2 + DJ) / 2 + PE
    Total System Jitter (TSJ):  0.070ns
    Total Input Jitter (TIJ):   0.000ns
    Discrete Jitter (DJ):       0.000ns
    Phase Error (PE):           0.000ns

  Maximum Data Path at Slow Process Corner: DIV_CLK_4 to DIV_CLK_19
    Location             Delay type         Delay(ns)  Physical Resource
                                                       Logical Resource(s)
    -------------------------------------------------  -------------------
    SLICE_X28Y26.AQ      Tcko                  0.408   DIV_CLK<7>
                                                       DIV_CLK_4
    SLICE_X28Y26.A5      net (fanout=1)        0.337   DIV_CLK<4>
    SLICE_X28Y26.COUT    Topcya                0.395   DIV_CLK<7>
                                                       DIV_CLK<4>_rt
                                                       Mcount_DIV_CLK_cy<7>
    SLICE_X28Y27.CIN     net (fanout=1)        0.003   Mcount_DIV_CLK_cy<7>
    SLICE_X28Y27.COUT    Tbyp                  0.076   DIV_CLK<11>
                                                       Mcount_DIV_CLK_cy<11>
    SLICE_X28Y28.CIN     net (fanout=1)        0.003   Mcount_DIV_CLK_cy<11>
    SLICE_X28Y28.COUT    Tbyp                  0.076   DIV_CLK<15>
                                                       Mcount_DIV_CLK_cy<15>
    SLICE_X28Y29.CIN     net (fanout=1)        0.003   Mcount_DIV_CLK_cy<15>
    SLICE_X28Y29.CLK     Tcinck                0.341   DIV_CLK<19>
                                                       Mcount_DIV_CLK_xor<19>
                                                       DIV_CLK_19
    -------------------------------------------------  ---------------------------
    Total                                      1.642ns (1.296ns logic, 0.346ns route)
                                                       (78.9% logic, 21.1% route)

--------------------------------------------------------------------------------
Slack (setup path):     8.343ns (requirement - (data path - clock path skew + uncertainty))
  Source:               DIV_CLK_3 (FF)
  Destination:          DIV_CLK_19 (FF)
  Requirement:          10.000ns
  Data Path Delay:      1.621ns (Levels of Logic = 5)
  Clock Path Skew:      -0.001ns (0.153 - 0.154)
  Source Clock:         board_clk rising at 0.000ns
  Destination Clock:    board_clk rising at 10.000ns
  Clock Uncertainty:    0.035ns

  Clock Uncertainty:          0.035ns  ((TSJ^2 + TIJ^2)^1/2 + DJ) / 2 + PE
    Total System Jitter (TSJ):  0.070ns
    Total Input Jitter (TIJ):   0.000ns
    Discrete Jitter (DJ):       0.000ns
    Phase Error (PE):           0.000ns

  Maximum Data Path at Slow Process Corner: DIV_CLK_3 to DIV_CLK_19
    Location             Delay type         Delay(ns)  Physical Resource
                                                       Logical Resource(s)
    -------------------------------------------------  -------------------
    SLICE_X28Y25.DQ      Tcko                  0.408   DIV_CLK<3>
                                                       DIV_CLK_3
    SLICE_X28Y25.D5      net (fanout=1)        0.372   DIV_CLK<3>
    SLICE_X28Y25.COUT    Topcyd                0.260   DIV_CLK<3>
                                                       DIV_CLK<3>_rt
                                                       Mcount_DIV_CLK_cy<3>
    SLICE_X28Y26.CIN     net (fanout=1)        0.003   Mcount_DIV_CLK_cy<3>
    SLICE_X28Y26.COUT    Tbyp                  0.076   DIV_CLK<7>
                                                       Mcount_DIV_CLK_cy<7>
    SLICE_X28Y27.CIN     net (fanout=1)        0.003   Mcount_DIV_CLK_cy<7>
    SLICE_X28Y27.COUT    Tbyp                  0.076   DIV_CLK<11>
                                                       Mcount_DIV_CLK_cy<11>
    SLICE_X28Y28.CIN     net (fanout=1)        0.003   Mcount_DIV_CLK_cy<11>
    SLICE_X28Y28.COUT    Tbyp                  0.076   DIV_CLK<15>
                                                       Mcount_DIV_CLK_cy<15>
    SLICE_X28Y29.CIN     net (fanout=1)        0.003   Mcount_DIV_CLK_cy<15>
    SLICE_X28Y29.CLK     Tcinck                0.341   DIV_CLK<19>
                                                       Mcount_DIV_CLK_xor<19>
                                                       DIV_CLK_19
    -------------------------------------------------  ---------------------------
    Total                                      1.621ns (1.237ns logic, 0.384ns route)
                                                       (76.3% logic, 23.7% route)

--------------------------------------------------------------------------------

Paths for end point DIV_CLK_17 (SLICE_X28Y29.CIN), 16 paths
--------------------------------------------------------------------------------
Slack (setup path):     8.255ns (requirement - (data path - clock path skew + uncertainty))
  Source:               DIV_CLK_0 (FF)
  Destination:          DIV_CLK_17 (FF)
  Requirement:          10.000ns
  Data Path Delay:      1.709ns (Levels of Logic = 5)
  Clock Path Skew:      -0.001ns (0.153 - 0.154)
  Source Clock:         board_clk rising at 0.000ns
  Destination Clock:    board_clk rising at 10.000ns
  Clock Uncertainty:    0.035ns

  Clock Uncertainty:          0.035ns  ((TSJ^2 + TIJ^2)^1/2 + DJ) / 2 + PE
    Total System Jitter (TSJ):  0.070ns
    Total Input Jitter (TIJ):   0.000ns
    Discrete Jitter (DJ):       0.000ns
    Phase Error (PE):           0.000ns

  Maximum Data Path at Slow Process Corner: DIV_CLK_0 to DIV_CLK_17
    Location             Delay type         Delay(ns)  Physical Resource
                                                       Logical Resource(s)
    -------------------------------------------------  -------------------
    SLICE_X28Y25.AQ      Tcko                  0.408   DIV_CLK<3>
                                                       DIV_CLK_0
    SLICE_X28Y25.A5      net (fanout=1)        0.337   DIV_CLK<0>
    SLICE_X28Y25.COUT    Topcya                0.395   DIV_CLK<3>
                                                       Mcount_DIV_CLK_lut<0>_INV_0
                                                       Mcount_DIV_CLK_cy<3>
    SLICE_X28Y26.CIN     net (fanout=1)        0.003   Mcount_DIV_CLK_cy<3>
    SLICE_X28Y26.COUT    Tbyp                  0.076   DIV_CLK<7>
                                                       Mcount_DIV_CLK_cy<7>
    SLICE_X28Y27.CIN     net (fanout=1)        0.003   Mcount_DIV_CLK_cy<7>
    SLICE_X28Y27.COUT    Tbyp                  0.076   DIV_CLK<11>
                                                       Mcount_DIV_CLK_cy<11>
    SLICE_X28Y28.CIN     net (fanout=1)        0.003   Mcount_DIV_CLK_cy<11>
    SLICE_X28Y28.COUT    Tbyp                  0.076   DIV_CLK<15>
                                                       Mcount_DIV_CLK_cy<15>
    SLICE_X28Y29.CIN     net (fanout=1)        0.003   Mcount_DIV_CLK_cy<15>
    SLICE_X28Y29.CLK     Tcinck                0.329   DIV_CLK<19>
                                                       Mcount_DIV_CLK_xor<19>
                                                       DIV_CLK_17
    -------------------------------------------------  ---------------------------
    Total                                      1.709ns (1.360ns logic, 0.349ns route)
                                                       (79.6% logic, 20.4% route)

--------------------------------------------------------------------------------
Slack (setup path):     8.332ns (requirement - (data path - clock path skew + uncertainty))
  Source:               DIV_CLK_4 (FF)
  Destination:          DIV_CLK_17 (FF)
  Requirement:          10.000ns
  Data Path Delay:      1.630ns (Levels of Logic = 4)
  Clock Path Skew:      -0.003ns (0.153 - 0.156)
  Source Clock:         board_clk rising at 0.000ns
  Destination Clock:    board_clk rising at 10.000ns
  Clock Uncertainty:    0.035ns

  Clock Uncertainty:          0.035ns  ((TSJ^2 + TIJ^2)^1/2 + DJ) / 2 + PE
    Total System Jitter (TSJ):  0.070ns
    Total Input Jitter (TIJ):   0.000ns
    Discrete Jitter (DJ):       0.000ns
    Phase Error (PE):           0.000ns

  Maximum Data Path at Slow Process Corner: DIV_CLK_4 to DIV_CLK_17
    Location             Delay type         Delay(ns)  Physical Resource
                                                       Logical Resource(s)
    -------------------------------------------------  -------------------
    SLICE_X28Y26.AQ      Tcko                  0.408   DIV_CLK<7>
                                                       DIV_CLK_4
    SLICE_X28Y26.A5      net (fanout=1)        0.337   DIV_CLK<4>
    SLICE_X28Y26.COUT    Topcya                0.395   DIV_CLK<7>
                                                       DIV_CLK<4>_rt
                                                       Mcount_DIV_CLK_cy<7>
    SLICE_X28Y27.CIN     net (fanout=1)        0.003   Mcount_DIV_CLK_cy<7>
    SLICE_X28Y27.COUT    Tbyp                  0.076   DIV_CLK<11>
                                                       Mcount_DIV_CLK_cy<11>
    SLICE_X28Y28.CIN     net (fanout=1)        0.003   Mcount_DIV_CLK_cy<11>
    SLICE_X28Y28.COUT    Tbyp                  0.076   DIV_CLK<15>
                                                       Mcount_DIV_CLK_cy<15>
    SLICE_X28Y29.CIN     net (fanout=1)        0.003   Mcount_DIV_CLK_cy<15>
    SLICE_X28Y29.CLK     Tcinck                0.329   DIV_CLK<19>
                                                       Mcount_DIV_CLK_xor<19>
                                                       DIV_CLK_17
    -------------------------------------------------  ---------------------------
    Total                                      1.630ns (1.284ns logic, 0.346ns route)
                                                       (78.8% logic, 21.2% route)

--------------------------------------------------------------------------------
Slack (setup path):     8.355ns (requirement - (data path - clock path skew + uncertainty))
  Source:               DIV_CLK_3 (FF)
  Destination:          DIV_CLK_17 (FF)
  Requirement:          10.000ns
  Data Path Delay:      1.609ns (Levels of Logic = 5)
  Clock Path Skew:      -0.001ns (0.153 - 0.154)
  Source Clock:         board_clk rising at 0.000ns
  Destination Clock:    board_clk rising at 10.000ns
  Clock Uncertainty:    0.035ns

  Clock Uncertainty:          0.035ns  ((TSJ^2 + TIJ^2)^1/2 + DJ) / 2 + PE
    Total System Jitter (TSJ):  0.070ns
    Total Input Jitter (TIJ):   0.000ns
    Discrete Jitter (DJ):       0.000ns
    Phase Error (PE):           0.000ns

  Maximum Data Path at Slow Process Corner: DIV_CLK_3 to DIV_CLK_17
    Location             Delay type         Delay(ns)  Physical Resource
                                                       Logical Resource(s)
    -------------------------------------------------  -------------------
    SLICE_X28Y25.DQ      Tcko                  0.408   DIV_CLK<3>
                                                       DIV_CLK_3
    SLICE_X28Y25.D5      net (fanout=1)        0.372   DIV_CLK<3>
    SLICE_X28Y25.COUT    Topcyd                0.260   DIV_CLK<3>
                                                       DIV_CLK<3>_rt
                                                       Mcount_DIV_CLK_cy<3>
    SLICE_X28Y26.CIN     net (fanout=1)        0.003   Mcount_DIV_CLK_cy<3>
    SLICE_X28Y26.COUT    Tbyp                  0.076   DIV_CLK<7>
                                                       Mcount_DIV_CLK_cy<7>
    SLICE_X28Y27.CIN     net (fanout=1)        0.003   Mcount_DIV_CLK_cy<7>
    SLICE_X28Y27.COUT    Tbyp                  0.076   DIV_CLK<11>
                                                       Mcount_DIV_CLK_cy<11>
    SLICE_X28Y28.CIN     net (fanout=1)        0.003   Mcount_DIV_CLK_cy<11>
    SLICE_X28Y28.COUT    Tbyp                  0.076   DIV_CLK<15>
                                                       Mcount_DIV_CLK_cy<15>
    SLICE_X28Y29.CIN     net (fanout=1)        0.003   Mcount_DIV_CLK_cy<15>
    SLICE_X28Y29.CLK     Tcinck                0.329   DIV_CLK<19>
                                                       Mcount_DIV_CLK_xor<19>
                                                       DIV_CLK_17
    -------------------------------------------------  ---------------------------
    Total                                      1.609ns (1.225ns logic, 0.384ns route)
                                                       (76.1% logic, 23.9% route)

--------------------------------------------------------------------------------

Hold Paths: TS_sys_clk_pin = PERIOD TIMEGRP "sys_clk_pin" 100 MHz HIGH 50%;
--------------------------------------------------------------------------------

Paths for end point DIV_CLK_19 (SLICE_X28Y29.D6), 1 path
--------------------------------------------------------------------------------
Slack (hold path):      0.462ns (requirement - (clock path skew + uncertainty - data path))
  Source:               DIV_CLK_19 (FF)
  Destination:          DIV_CLK_19 (FF)
  Requirement:          0.000ns
  Data Path Delay:      0.462ns (Levels of Logic = 1)
  Clock Path Skew:      0.000ns
  Source Clock:         board_clk rising at 10.000ns
  Destination Clock:    board_clk rising at 10.000ns
  Clock Uncertainty:    0.000ns

  Minimum Data Path at Fast Process Corner: DIV_CLK_19 to DIV_CLK_19
    Location             Delay type         Delay(ns)  Physical Resource
                                                       Logical Resource(s)
    -------------------------------------------------  -------------------
    SLICE_X28Y29.DQ      Tcko                  0.200   DIV_CLK<19>
                                                       DIV_CLK_19
    SLICE_X28Y29.D6      net (fanout=11)       0.025   DIV_CLK<19>
    SLICE_X28Y29.CLK     Tah         (-Th)    -0.237   DIV_CLK<19>
                                                       DIV_CLK<19>_rt
                                                       Mcount_DIV_CLK_xor<19>
                                                       DIV_CLK_19
    -------------------------------------------------  ---------------------------
    Total                                      0.462ns (0.437ns logic, 0.025ns route)
                                                       (94.6% logic, 5.4% route)

--------------------------------------------------------------------------------

Paths for end point DIV_CLK_5 (SLICE_X28Y26.B5), 1 path
--------------------------------------------------------------------------------
Slack (hold path):      0.504ns (requirement - (clock path skew + uncertainty - data path))
  Source:               DIV_CLK_5 (FF)
  Destination:          DIV_CLK_5 (FF)
  Requirement:          0.000ns
  Data Path Delay:      0.504ns (Levels of Logic = 1)
  Clock Path Skew:      0.000ns
  Source Clock:         board_clk rising at 10.000ns
  Destination Clock:    board_clk rising at 10.000ns
  Clock Uncertainty:    0.000ns

  Minimum Data Path at Fast Process Corner: DIV_CLK_5 to DIV_CLK_5
    Location             Delay type         Delay(ns)  Physical Resource
                                                       Logical Resource(s)
    -------------------------------------------------  -------------------
    SLICE_X28Y26.BQ      Tcko                  0.200   DIV_CLK<7>
                                                       DIV_CLK_5
    SLICE_X28Y26.B5      net (fanout=1)        0.070   DIV_CLK<5>
    SLICE_X28Y26.CLK     Tah         (-Th)    -0.234   DIV_CLK<7>
                                                       DIV_CLK<5>_rt
                                                       Mcount_DIV_CLK_cy<7>
                                                       DIV_CLK_5
    -------------------------------------------------  ---------------------------
    Total                                      0.504ns (0.434ns logic, 0.070ns route)
                                                       (86.1% logic, 13.9% route)

--------------------------------------------------------------------------------

Paths for end point DIV_CLK_9 (SLICE_X28Y27.B5), 1 path
--------------------------------------------------------------------------------
Slack (hold path):      0.504ns (requirement - (clock path skew + uncertainty - data path))
  Source:               DIV_CLK_9 (FF)
  Destination:          DIV_CLK_9 (FF)
  Requirement:          0.000ns
  Data Path Delay:      0.504ns (Levels of Logic = 1)
  Clock Path Skew:      0.000ns
  Source Clock:         board_clk rising at 10.000ns
  Destination Clock:    board_clk rising at 10.000ns
  Clock Uncertainty:    0.000ns

  Minimum Data Path at Fast Process Corner: DIV_CLK_9 to DIV_CLK_9
    Location             Delay type         Delay(ns)  Physical Resource
                                                       Logical Resource(s)
    -------------------------------------------------  -------------------
    SLICE_X28Y27.BQ      Tcko                  0.200   DIV_CLK<11>
                                                       DIV_CLK_9
    SLICE_X28Y27.B5      net (fanout=1)        0.070   DIV_CLK<9>
    SLICE_X28Y27.CLK     Tah         (-Th)    -0.234   DIV_CLK<11>
                                                       DIV_CLK<9>_rt
                                                       Mcount_DIV_CLK_cy<11>
                                                       DIV_CLK_9
    -------------------------------------------------  ---------------------------
    Total                                      0.504ns (0.434ns logic, 0.070ns route)
                                                       (86.1% logic, 13.9% route)

--------------------------------------------------------------------------------

Component Switching Limit Checks: TS_sys_clk_pin = PERIOD TIMEGRP "sys_clk_pin" 100 MHz HIGH 50%;
--------------------------------------------------------------------------------
Slack: 8.270ns (period - min period limit)
  Period: 10.000ns
  Min period limit: 1.730ns (578.035MHz) (Tbcper_I)
  Physical resource: BUF1/BUFG/I0
  Logical resource: BUF1/BUFG/I0
  Location pin: BUFGMUX_X3Y13.I0
  Clock network: BUF1/IBUFG
--------------------------------------------------------------------------------
Slack: 9.570ns (period - min period limit)
  Period: 10.000ns
  Min period limit: 0.430ns (2325.581MHz) (Tcp)
  Physical resource: DIV_CLK<3>/CLK
  Logical resource: DIV_CLK_0/CK
  Location pin: SLICE_X28Y25.CLK
  Clock network: board_clk
--------------------------------------------------------------------------------
Slack: 9.570ns (period - min period limit)
  Period: 10.000ns
  Min period limit: 0.430ns (2325.581MHz) (Tcp)
  Physical resource: DIV_CLK<3>/CLK
  Logical resource: DIV_CLK_1/CK
  Location pin: SLICE_X28Y25.CLK
  Clock network: board_clk
--------------------------------------------------------------------------------


All constraints were met.


Data Sheet report:
-----------------
All values displayed in nanoseconds (ns)

Clock to Setup on destination clock ClkPort
---------------+---------+---------+---------+---------+
               | Src:Rise| Src:Fall| Src:Rise| Src:Fall|
Source Clock   |Dest:Rise|Dest:Rise|Dest:Fall|Dest:Fall|
---------------+---------+---------+---------+---------+
ClkPort        |    1.757|         |         |         |
---------------+---------+---------+---------+---------+


Timing summary:
---------------

Timing errors: 0  Score: 0  (Setup/Max: 0, Hold: 0)

Constraints cover 210 paths, 0 nets, and 30 connections

Design statistics:
   Minimum period:   1.757ns{1}   (Maximum frequency: 569.152MHz)


------------------------------------Footnotes-----------------------------------
1)  The minimum period statistic assumes all single cycle delays.

Analysis completed Wed Apr 23 00:20:53 2014 
--------------------------------------------------------------------------------

Trace Settings:
-------------------------
Trace Settings 

Peak Memory Usage: 412 MB



