Command line:
   gameplay_sm_tb3_isim_beh.exe
     -simmode  gui
     -simrunnum  0
     -socket  34266

Tue Apr 22 23:24:21 2014


 Elaboration Time: 0.05 sec

 Current Memory Usage: 196.866 Meg

 Total Signals          : 47
 Total Nets             : 92
 Total Signal Drivers   : 33
 Total Blocks           : 5
 Total Primitive Blocks : 3
 Total Processes        : 29
 Total Traceable Variables  : 62
 Total Scalar Nets and Variables : 661
Total Line Count : 175

 Total Simulation Time: 1.01 sec

 Current Memory Usage: 272.368 Meg

Tue Apr 22 23:31:50 2014

